<?xml version="1.0" encoding="UTF-8"?>
<!-- Generated by org.testng.reporters.JUnitXMLReporter -->
<testsuite ignored="0" hostname="testinglaptop" failures="0" tests="1" name="Test" time="33.117" errors="0" timestamp="2022-10-21T13:04:23 IST">
  <testcase classname="com.orgName.genericUtility.BaseClass" name="@AfterMethod afterMethod1Test" time="2.89">
    <failure type="org.apache.poi.openxml4j.exceptions.OpenXML4JRuntimeException" message="Fail to save: an error occurs while saving the package : Cannot invoke &amp;quot;java.io.OutputStream.write(byte[], int, int)&amp;quot; because &amp;quot;this.os&amp;quot; is null">
      <![CDATA[org.apache.poi.openxml4j.exceptions.OpenXML4JRuntimeException: Fail to save: an error occurs while saving the package : Cannot invoke "java.io.OutputStream.write(byte[], int, int)" because "this.os" is null
at org.apache.poi.openxml4j.opc.ZipPackage.saveImpl(ZipPackage.java:554)
at org.apache.poi.openxml4j.opc.OPCPackage.save(OPCPackage.java:1505)
at org.apache.poi.ooxml.POIXMLDocument.write(POIXMLDocument.java:242)
at com.orgName.genericUtility.ExcelUtility.saveExcelData(ExcelUtility.java:125)
at com.orgName.genericUtility.BaseClass.afterMethod1Test(BaseClass.java:93)
at java.base/java.util.ArrayList.forEach(ArrayList.java:1511)
Caused by: java.lang.NullPointerException: Cannot invoke "java.io.OutputStream.write(byte[], int, int)" because "this.os" is null
at org.apache.commons.compress.archivers.zip.StreamCompressor$OutputStreamCompressor.writeOut(StreamCompressor.java:306)
at org.apache.commons.compress.archivers.zip.StreamCompressor.writeCounted(StreamCompressor.java:273)
at org.apache.commons.compress.archivers.zip.StreamCompressor.writeCounted(StreamCompressor.java:269)
at org.apache.commons.compress.archivers.zip.ZipArchiveOutputStream.writeCounted(ZipArchiveOutputStream.java:936)
at org.apache.commons.compress.archivers.zip.ZipArchiveOutputStream.writeLocalFileHeader(ZipArchiveOutputStream.java:1043)
at org.apache.commons.compress.archivers.zip.ZipArchiveOutputStream.putArchiveEntry(ZipArchiveOutputStream.java:787)
at org.apache.commons.compress.archivers.zip.ZipArchiveOutputStream.putArchiveEntry(ZipArchiveOutputStream.java:727)
at org.apache.poi.openxml4j.opc.internal.ZipContentTypeManager.saveImpl(ZipContentTypeManager.java:66)
at org.apache.poi.openxml4j.opc.internal.ContentTypeManager.save(ContentTypeManager.java:452)
at org.apache.poi.openxml4j.opc.ZipPackage.saveImpl(ZipPackage.java:520)
... 37 more
... Removed 32 stack frames]]>
    </failure>
  </testcase> <!-- @AfterMethod afterMethod1Test -->
  <testcase classname="com.orgName.genericUtility.BaseClass" name="@AfterClass afterCass1Test" time="-1.66633766368E9">
    <skipped/>
  </testcase> <!-- @AfterClass afterCass1Test -->
  <testcase classname="com.appName.domainName.CreateOrganizationTest" name="testCaseName" time="19.051"/>
</testsuite> <!-- Test -->
